0 info it worked if it ends with ok
1 verbose cli [ 'node', '/usr/local/bin/npm', 'publish', '-fd' ]
2 info using npm@1.1.64
3 info using node@v0.8.2
4 verbose publish [ '.' ]
5 verbose read json /Users/tj/projects/cpm/package.json
6 verbose cache add [ '.', null ]
7 silly cache add name=undefined spec="." args=[".",null]
8 verbose parsed url { pathname: '.', path: '.', href: '.' }
9 silly lockFile 3a52ce78- .
10 verbose lock . /Users/tj/.npm/3a52ce78-.lock
11 verbose read json package.json
12 verbose tar pack [ '/var/folders/jm/j__b36sn04n5__scnnw6bpzr0000gn/T/npm-9912/1351618831544-0.2566906383726746/tmp.tgz',
12 verbose tar pack   '.' ]
13 verbose tarball /var/folders/jm/j__b36sn04n5__scnnw6bpzr0000gn/T/npm-9912/1351618831544-0.2566906383726746/tmp.tgz
14 verbose folder .
15 info prepublish cpm@0.0.2
16 silly lockFile de2d7d05-31544-0-2566906383726746-tmp-tgz /var/folders/jm/j__b36sn04n5__scnnw6bpzr0000gn/T/npm-9912/1351618831544-0.2566906383726746/tmp.tgz
17 verbose lock /var/folders/jm/j__b36sn04n5__scnnw6bpzr0000gn/T/npm-9912/1351618831544-0.2566906383726746/tmp.tgz /Users/tj/.npm/de2d7d05-31544-0-2566906383726746-tmp-tgz.lock
18 silly lockFile de2d7d05-31544-0-2566906383726746-tmp-tgz /var/folders/jm/j__b36sn04n5__scnnw6bpzr0000gn/T/npm-9912/1351618831544-0.2566906383726746/tmp.tgz
19 verbose tar unpack /var/folders/jm/j__b36sn04n5__scnnw6bpzr0000gn/T/npm-9912/1351618831544-0.2566906383726746/tmp.tgz
20 silly lockFile 99d223c0-31544-0-2566906383726746-package /var/folders/jm/j__b36sn04n5__scnnw6bpzr0000gn/T/npm-9912/1351618831544-0.2566906383726746/package
21 verbose lock /var/folders/jm/j__b36sn04n5__scnnw6bpzr0000gn/T/npm-9912/1351618831544-0.2566906383726746/package /Users/tj/.npm/99d223c0-31544-0-2566906383726746-package.lock
22 silly gunzTarPerm modes [ '755', '644' ]
23 silly gunzTarPerm extractEntry package.json
24 silly gunzTarPerm extractEntry .npmignore
25 silly gunzTarPerm extractEntry index.js
26 silly gunzTarPerm extractEntry bin/cpm
27 silly gunzTarPerm extractEntry History.md
28 silly gunzTarPerm extractEntry Readme.md
29 silly gunzTarPerm extractEntry src/bytes.c
30 silly gunzTarPerm extractEntry src/bytes.h
31 silly gunzTarPerm extractEntry src/commander.c
32 silly gunzTarPerm extractEntry src/commander.h
33 silly gunzTarPerm extractEntry src/ms.c
34 silly gunzTarPerm extractEntry src/ms.h
35 silly gunzTarPerm extractEntry src/term.c
36 silly gunzTarPerm extractEntry src/term.h
37 verbose read json /var/folders/jm/j__b36sn04n5__scnnw6bpzr0000gn/T/npm-9912/1351618831544-0.2566906383726746/package/package.json
38 silly lockFile 99d223c0-31544-0-2566906383726746-package /var/folders/jm/j__b36sn04n5__scnnw6bpzr0000gn/T/npm-9912/1351618831544-0.2566906383726746/package
39 verbose from cache /var/folders/jm/j__b36sn04n5__scnnw6bpzr0000gn/T/npm-9912/1351618831544-0.2566906383726746/package/package.json
40 verbose tar pack [ '/Users/tj/.npm/cpm/0.0.2/package.tgz',
40 verbose tar pack   '/var/folders/jm/j__b36sn04n5__scnnw6bpzr0000gn/T/npm-9912/1351618831544-0.2566906383726746/package' ]
41 verbose tarball /Users/tj/.npm/cpm/0.0.2/package.tgz
42 verbose folder /var/folders/jm/j__b36sn04n5__scnnw6bpzr0000gn/T/npm-9912/1351618831544-0.2566906383726746/package
43 silly lockFile 8ec133fd-ers-tj-npm-cpm-0-0-2-package-tgz /Users/tj/.npm/cpm/0.0.2/package.tgz
44 verbose lock /Users/tj/.npm/cpm/0.0.2/package.tgz /Users/tj/.npm/8ec133fd-ers-tj-npm-cpm-0-0-2-package-tgz.lock
45 silly lockFile 8ec133fd-ers-tj-npm-cpm-0-0-2-package-tgz /Users/tj/.npm/cpm/0.0.2/package.tgz
46 silly lockFile 40a9bb49-Users-tj-npm-cpm-0-0-2-package /Users/tj/.npm/cpm/0.0.2/package
47 verbose lock /Users/tj/.npm/cpm/0.0.2/package /Users/tj/.npm/40a9bb49-Users-tj-npm-cpm-0-0-2-package.lock
48 silly lockFile 40a9bb49-Users-tj-npm-cpm-0-0-2-package /Users/tj/.npm/cpm/0.0.2/package
49 verbose tar unpack /Users/tj/.npm/cpm/0.0.2/package.tgz
50 silly lockFile 40a9bb49-Users-tj-npm-cpm-0-0-2-package /Users/tj/.npm/cpm/0.0.2/package
51 verbose lock /Users/tj/.npm/cpm/0.0.2/package /Users/tj/.npm/40a9bb49-Users-tj-npm-cpm-0-0-2-package.lock
52 silly gunzTarPerm modes [ '755', '644' ]
53 silly gunzTarPerm extractEntry package.json
54 silly gunzTarPerm extractEntry .npmignore
55 silly gunzTarPerm extractEntry index.js
56 silly gunzTarPerm extractEntry bin/cpm
57 silly gunzTarPerm extractEntry History.md
58 silly gunzTarPerm extractEntry Readme.md
59 silly gunzTarPerm extractEntry src/bytes.c
60 silly gunzTarPerm extractEntry src/bytes.h
61 silly gunzTarPerm extractEntry src/commander.c
62 silly gunzTarPerm extractEntry src/commander.h
63 silly gunzTarPerm extractEntry src/ms.c
64 silly gunzTarPerm extractEntry src/ms.h
65 silly gunzTarPerm extractEntry src/term.c
66 silly gunzTarPerm extractEntry src/term.h
67 verbose read json /Users/tj/.npm/cpm/0.0.2/package/package.json
68 silly lockFile 40a9bb49-Users-tj-npm-cpm-0-0-2-package /Users/tj/.npm/cpm/0.0.2/package
69 silly shasum updated bytes 5792
70 info shasum bd92847485d1c6dda623b234c9bfecdb7e8f0920
70 info shasum /Users/tj/.npm/cpm/0.0.2/package.tgz
71 verbose from cache /Users/tj/.npm/cpm/0.0.2/package/package.json
72 verbose chmod /Users/tj/.npm/cpm/0.0.2/package.tgz 644
73 verbose chown /Users/tj/.npm/cpm/0.0.2/package.tgz [ 501, 20 ]
74 silly lockFile 3a52ce78- .
75 silly publish { name: 'cpm',
75 silly publish   version: '0.0.2',
75 silly publish   description: 'C package manager',
75 silly publish   keywords: [ 'c', 'package', 'manager' ],
75 silly publish   author: { name: 'TJ Holowaychuk', email: 'tj@vision-media.ca' },
75 silly publish   dependencies:
75 silly publish    { commander: '~1.0.5',
75 silly publish      superagent: '~0.9.7',
75 silly publish      printf: '0.0.4',
75 silly publish      bytes: '~0.2.0',
75 silly publish      mkdirp: '~0.3.4' },
75 silly publish   devDependencies: { mocha: '*', should: '*' },
75 silly publish   bin: { cpm: './bin/cpm' },
75 silly publish   main: 'index',
75 silly publish   readme: '\n# cpm\n\n  C package manager.\n\n  ![c package manager screenshot](http://f.cl.ly/items/3D3G0G2P3I3I0O0H1W16/cpm.png)\n\n## Usage\n\n```\n\nUsage: cpm [options] [repo ...]\n\nOptions:\n\n  -h, --help     output usage information\n  -V, --version  output the version number\n\n```\n\n## License \n\n  MIT\n',
75 silly publish   readmeFilename: 'Readme.md',
75 silly publish   _id: 'cpm@0.0.2',
75 silly publish   dist: { shasum: 'bd92847485d1c6dda623b234c9bfecdb7e8f0920' } }
76 verbose url raw cpm
77 verbose url resolving [ 'https://registry.npmjs.org/', './cpm' ]
78 verbose url resolved https://registry.npmjs.org/cpm
79 info trying registry request attempt 1 at 10:40:31
80 http PUT https://registry.npmjs.org/cpm
81 http 409 https://registry.npmjs.org/cpm
82 verbose url raw cpm
83 verbose url resolving [ 'https://registry.npmjs.org/', './cpm' ]
84 verbose url resolved https://registry.npmjs.org/cpm
85 info trying registry request attempt 1 at 10:40:32
86 http GET https://registry.npmjs.org/cpm
87 http 200 https://registry.npmjs.org/cpm
88 verbose url raw cpm/0.0.2/-tag/latest
89 verbose url resolving [ 'https://registry.npmjs.org/', './cpm/0.0.2/-tag/latest' ]
90 verbose url resolved https://registry.npmjs.org/cpm/0.0.2/-tag/latest
91 info trying registry request attempt 1 at 10:40:33
92 http PUT https://registry.npmjs.org/cpm/0.0.2/-tag/latest
93 http 403 https://registry.npmjs.org/cpm/0.0.2/-tag/latest
94 error publish Error sending version data
95 error Error: forbidden user: tjholowaychuk not authorized to modify cpm
95 error Changed: description "A command line tool for authoring, discovering, and retrieving Cordova plugins" -> "C package manager"
95 error Changed: dist-tags.latest "0.0.0" -> "0.0.2"
95 error Added: versions.0.0.2
95 error Changed: time.modified "2012-10-28T22:48:15.637Z" -> "2012-10-30T17:40:26.121Z"
95 error Added: time.0.0.2
95 error Changed: author.name "Mike Reinstein" -> "TJ Holowaychuk"
95 error Added: author.email: cpm/0.0.2/-tag/latest
95 error     at RegClient.<anonymous> (/usr/local/lib/node_modules/npm/node_modules/npm-registry-client/lib/request.js:259:14)
95 error     at Request.init.self.callback (/usr/local/lib/node_modules/npm/node_modules/request/main.js:120:22)
95 error     at Request.EventEmitter.emit (events.js:91:17)
95 error     at Request.<anonymous> (/usr/local/lib/node_modules/npm/node_modules/request/main.js:648:16)
95 error     at Request.EventEmitter.emit (events.js:115:20)
95 error     at IncomingMessage.Request.start.self.req.self.httpModule.request.buffer (/usr/local/lib/node_modules/npm/node_modules/request/main.js:610:14)
95 error     at IncomingMessage.EventEmitter.emit (events.js:115:20)
95 error     at IncomingMessage._emitEnd (http.js:366:10)
95 error     at HTTPParser.parserOnMessageComplete [as onMessageComplete] (http.js:149:23)
95 error     at CleartextStream.socketOnData [as ondata] (http.js:1356:20)
96 error If you need help, you may report this log at:
96 error     <http://github.com/isaacs/npm/issues>
96 error or email it to:
96 error     <npm-@googlegroups.com>
97 error System Darwin 11.4.2
98 error command "node" "/usr/local/bin/npm" "publish" "-fd"
99 error cwd /Users/tj/projects/cpm
100 error node -v v0.8.2
101 error npm -v 1.1.64
102 verbose exit [ 1, true ]
